Connecting DB...
Found v1.51 database file
DB connected.
Loading Plugin 'bezel'
Starting Live Data Service, listening port 8765
Loading Plugin 'capture'
Loading Plugin 'cartridge'
Loading Plugin 'cheevocube'
Loading Plugin 'clock'
Loading Plugin 'flysim'
Loading Plugin 'logos'
Loading Plugin 'mascots'
Loading Plugin 'progressbar'
Loading Plugin 'recentunlocks'
Loading Plugin 'rpgchat'
Loading Plugin 'score'
Loading Plugin 'twitchchat'
Loading Plugin 'xboxcheevos'
Scraping data...
DATA : Faking request to retroachievements
SCRAPER : Got user profile payload, parsing data...
SCRAPER : Parse ok, extracing User Summary
SCRAPER : Extracting User Score...
SCRAPER : Extracting User Rank...
SCRAPER : Extracting User Timestamp...
SCRAPER : Extracting Game Data...
SCRAPER : Extracting Cheevo payload...
SCRAPER : Getting progress payload...
SCRAPER : Extracting progress
SCRAPER : Parsing payload...
SCRAPER : Loading 23 cheevo payloads into parsing queue...
SCRAPER : Enqueued 23 cheevos.
82%  -  0/0
Scraping done.
Rendering plugin bezel...
Rendering plugin cheevocube...
Rendering plugin clock...
Rendering plugin logos...
Rendering plugin mascots...
Rendering plugin progressbar...
Rendering plugin recentunlocks...
Rendering plugin rpgchat...
Rendering plugin score...
Rendering plugin twitchchat...
Rendering plugin xboxcheevos...
Merging plugins into single overlay...
Ready
Skipping cheevo 'One Credit Finish' checking due to offline mode
Skipping cheevo 'Hedgehogs are Master Foragers' checking due to offline mode
Skipping cheevo 'South Island Superstar' checking due to offline mode
Skipping cheevo 'South Island Ninja' checking due to offline mode
Finished checking cheevos
Rendering plugin bezel...
Merging plugins into single overlay...